<?xml version="1.0" encoding="UTF-8"?>
<!-- Generated by org.testng.reporters.JUnitXMLReporter -->
<testsuite ignored="0" hostname="AmirHossain" failures="1" tests="2" name="Opencart test" time="12.091" errors="0" timestamp="2022-01-25T19:39:57 EST">
  <testcase classname="testCase.TC_001_AccountRegistration" name="test_account_Registration" time="9.129"/>
  <testcase classname="testCase.TC_002_Login" name="test_Login" time="0.002">
    <failure type="java.lang.AssertionError" message="null">
      <![CDATA[java.lang.AssertionError: null
at testCase.TC_002_Login.test_Login(TC_002_Login.java:60)
at java.base/java.util.ArrayList.forEach(ArrayList.java:1511)
... Removed 29 stack frames]]>
    </failure>
  </testcase> <!-- test_Login -->
</testsuite> <!-- Opencart test -->
